Jan-11 17:42:49.982 [main] DEBUG nextflow.config.ConfigBuilder - Found config local: /Users/saikouybah/Documents/RNA_Seq_Nexflow/nextflow.config
Jan-11 17:42:49.984 [main] DEBUG nextflow.config.ConfigBuilder - Parsing config file: /Users/saikouybah/Documents/RNA_Seq_Nexflow/nextflow.config
Jan-11 17:42:49.993 [main] DEBUG nextflow.config.ConfigBuilder - Applying config profile: `standard`
Jan-11 17:44:46.596 [AWT-EventQueue-0] DEBUG nextflow.Session - Session UUID: 19ed7a6e-5962-4584-84aa-9b63bf5ba94c
Jan-11 17:44:46.597 [AWT-EventQueue-0] DEBUG nextflow.Session - Run name: shrivelled_venter
Jan-11 17:44:46.597 [AWT-EventQueue-0] DEBUG nextflow.Session - Executor pool size: 8
Jan-11 17:44:46.603 [AWT-EventQueue-0] DEBUG nextflow.util.ThreadPoolBuilder - Creating thread pool 'FileTransfer' minSize=10; maxSize=24; workQueue=LinkedBlockingQueue[10000]; allowCoreThreadTimeout=false
Jan-11 17:44:46.609 [AWT-EventQueue-0] DEBUG nextflow.Session - Work-dir: /Users/saikouybah/Documents/RNA_Seq_Nexflow/work [Mac OS X]
Jan-11 17:44:46.615 [AWT-EventQueue-0] DEBUG nextflow.executor.ExecutorFactory - Extension executors providers=[]
Jan-11 17:44:46.620 [AWT-EventQueue-0] DEBUG nextflow.Session - Observer factory: DefaultObserverFactory
Jan-11 17:44:46.630 [AWT-EventQueue-0] DEBUG nextflow.cache.CacheFactory - Using Nextflow cache factory: nextflow.cache.DefaultCacheFactory
Jan-11 17:44:46.644 [AWT-EventQueue-0] DEBUG nextflow.util.CustomThreadPool - Creating default thread pool > poolSize: 9; maxThreads: 1000
Jan-11 17:44:46.684 [Thread-3] DEBUG nextflow.Session - Session start
Jan-11 17:44:46.727 [Thread-3] DEBUG nextflow.Session - Session await
Jan-11 17:44:46.727 [Thread-3] DEBUG nextflow.Session - Session await > all processes finished
Jan-11 17:44:46.727 [Thread-3] DEBUG nextflow.Session - Session await > all barriers passed
Jan-11 17:44:46.734 [Thread-3] DEBUG nextflow.trace.WorkflowStatsObserver - Workflow completed > WorkflowStats[succeededCount=0; failedCount=0; ignoredCount=0; cachedCount=0; pendingCount=0; submittedCount=0; runningCount=0; retriesCount=0; abortedCount=0; succeedDuration=0ms; failedDuration=0ms; cachedDuration=0ms;loadCpus=0; loadMemory=0; peakRunning=0; peakCpus=0; peakMemory=0; ]
Jan-11 17:44:46.746 [Thread-3] DEBUG nextflow.cache.CacheDB - Closing CacheDB done
Jan-11 17:44:46.746 [Thread-3] INFO  org.pf4j.AbstractPluginManager - Stop plugin 'nf-console@1.0.4'
Jan-11 17:44:46.748 [Thread-3] DEBUG nextflow.plugin.BasePlugin - Plugin stopped nf-console
