Jan-24 14:50:08.920 [main] DEBUG nextflow.cli.Launcher - $> nextflow run RNA_Seq_Nextflow.nf --isPaired false --isStranded true -with-dag flowchart.png
Jan-24 14:50:08.961 [main] INFO  nextflow.cli.CmdRun - N E X T F L O W  ~  version 22.10.4
Jan-24 14:50:08.972 [main] DEBUG nextflow.plugin.PluginsFacade - Setting up plugin manager > mode=prod; embedded=false; plugins-dir=/Users/saikouybah/.nextflow/plugins; core-plugins: nf-amazon@1.11.2,nf-azure@0.14.2,nf-codecommit@0.1.2,nf-console@1.0.4,nf-ga4gh@1.0.4,nf-google@1.4.5,nf-tower@1.5.6,nf-wave@0.5.2
Jan-24 14:50:08.978 [main] INFO  org.pf4j.DefaultPluginStatusProvider - Enabled plugins: []
Jan-24 14:50:08.978 [main] INFO  org.pf4j.DefaultPluginStatusProvider - Disabled plugins: []
Jan-24 14:50:08.980 [main] INFO  org.pf4j.DefaultPluginManager - PF4J version 3.4.1 in 'deployment' mode
Jan-24 14:50:08.986 [main] INFO  org.pf4j.AbstractPluginManager - No plugins
Jan-24 14:50:08.996 [main] DEBUG nextflow.config.ConfigBuilder - Found config local: /Users/saikouybah/Documents/RNA_Seq_Nexflow/nextflow.config
Jan-24 14:50:08.997 [main] DEBUG nextflow.config.ConfigBuilder - Parsing config file: /Users/saikouybah/Documents/RNA_Seq_Nexflow/nextflow.config
Jan-24 14:50:09.009 [main] DEBUG nextflow.config.ConfigBuilder - Applying config profile: `standard`
Jan-24 14:50:09.335 [main] DEBUG nextflow.cli.CmdRun - Applied DSL=2 from script declararion
Jan-24 14:50:09.346 [main] INFO  nextflow.cli.CmdRun - Launching `RNA_Seq_Nextflow.nf` [exotic_swirles] DSL2 - revision: 34458a5061
Jan-24 14:50:09.347 [main] DEBUG nextflow.plugin.PluginsFacade - Plugins default=[]
Jan-24 14:50:09.347 [main] DEBUG nextflow.plugin.PluginsFacade - Plugins resolved requirement=[]
Jan-24 14:50:09.353 [main] DEBUG nextflow.secret.LocalSecretsProvider - Secrets store: /Users/saikouybah/.nextflow/secrets/store.json
Jan-24 14:50:09.355 [main] DEBUG nextflow.secret.SecretsLoader - Discovered secrets providers: [nextflow.secret.LocalSecretsProvider@4ee25d80] - activable => nextflow.secret.LocalSecretsProvider@4ee25d80
Jan-24 14:50:09.392 [main] DEBUG nextflow.Session - Session UUID: fa55fa4b-681a-488e-b4ad-8ac936da3d98
Jan-24 14:50:09.392 [main] DEBUG nextflow.Session - Run name: exotic_swirles
Jan-24 14:50:09.392 [main] DEBUG nextflow.Session - Executor pool size: 8
Jan-24 14:50:09.398 [main] DEBUG nextflow.util.ThreadPoolBuilder - Creating thread pool 'FileTransfer' minSize=10; maxSize=24; workQueue=LinkedBlockingQueue[10000]; allowCoreThreadTimeout=false
Jan-24 14:50:09.414 [main] DEBUG nextflow.cli.CmdRun - 
  Version: 22.10.4 build 5836
  Created: 09-12-2022 09:58 UTC (09:58 BST)
  System: Mac OS X 13.1
  Runtime: Groovy 3.0.13 on OpenJDK 64-Bit Server VM 11.0.13+7-b1751.21
  Encoding: UTF-8 (UTF-8)
  Process: 35647@Saikous-MacBook-Pro.local [127.0.0.1]
  CPUs: 8 - Mem: 16 GB (51.9 MB) - Swap: 0 (0)
Jan-24 14:50:09.421 [main] DEBUG nextflow.Session - Work-dir: /Users/saikouybah/Documents/RNA_Seq_Nexflow/work [Mac OS X]
Jan-24 14:50:09.429 [main] DEBUG nextflow.executor.ExecutorFactory - Extension executors providers=[]
Jan-24 14:50:09.434 [main] DEBUG nextflow.Session - Observer factory: DefaultObserverFactory
Jan-24 14:50:09.455 [main] DEBUG nextflow.cache.CacheFactory - Using Nextflow cache factory: nextflow.cache.DefaultCacheFactory
Jan-24 14:50:09.462 [main] DEBUG nextflow.util.CustomThreadPool - Creating default thread pool > poolSize: 9; maxThreads: 1000
Jan-24 14:50:09.496 [main] DEBUG nextflow.Session - Session start
Jan-24 14:50:09.499 [main] DEBUG nextflow.trace.TraceFileObserver - Workflow started -- trace file: /Users/saikouybah/Documents/RNA_Seq_Nexflow/myExecutionTrace.txt
Jan-24 14:50:09.969 [main] DEBUG nextflow.script.ScriptRunner - > Launching execution
Jan-24 14:50:10.023 [main] DEBUG nextflow.executor.ExecutorFactory - << taskConfig executor: null
Jan-24 14:50:10.023 [main] DEBUG nextflow.executor.ExecutorFactory - >> processorType: 'local'
Jan-24 14:50:10.026 [main] DEBUG nextflow.executor.Executor - [warm up] executor > local
Jan-24 14:50:10.029 [main] DEBUG n.processor.LocalPollingMonitor - Creating local task monitor for executor 'local' > cpus=8; memory=16 GB; capacity=8; pollInterval=100ms; dumpInterval=5m
Jan-24 14:50:10.075 [main] DEBUG nextflow.executor.ExecutorFactory - << taskConfig executor: null
Jan-24 14:50:10.075 [main] DEBUG nextflow.executor.ExecutorFactory - >> processorType: 'local'
Jan-24 14:50:10.081 [main] DEBUG nextflow.executor.ExecutorFactory - << taskConfig executor: null
Jan-24 14:50:10.081 [main] DEBUG nextflow.executor.ExecutorFactory - >> processorType: 'local'
Jan-24 14:50:10.083 [main] DEBUG nextflow.executor.ExecutorFactory - << taskConfig executor: null
Jan-24 14:50:10.083 [main] DEBUG nextflow.executor.ExecutorFactory - >> processorType: 'local'
Jan-24 14:50:10.086 [main] DEBUG nextflow.executor.ExecutorFactory - << taskConfig executor: null
Jan-24 14:50:10.086 [main] DEBUG nextflow.executor.ExecutorFactory - >> processorType: 'local'
Jan-24 14:50:10.088 [main] DEBUG nextflow.executor.ExecutorFactory - << taskConfig executor: null
Jan-24 14:50:10.088 [main] DEBUG nextflow.executor.ExecutorFactory - >> processorType: 'local'
Jan-24 14:50:10.091 [main] DEBUG nextflow.executor.ExecutorFactory - << taskConfig executor: null
Jan-24 14:50:10.091 [main] DEBUG nextflow.executor.ExecutorFactory - >> processorType: 'local'
Jan-24 14:50:10.093 [main] DEBUG nextflow.executor.ExecutorFactory - << taskConfig executor: null
Jan-24 14:50:10.093 [main] DEBUG nextflow.executor.ExecutorFactory - >> processorType: 'local'
Jan-24 14:50:10.095 [main] DEBUG nextflow.executor.ExecutorFactory - << taskConfig executor: null
Jan-24 14:50:10.095 [main] DEBUG nextflow.executor.ExecutorFactory - >> processorType: 'local'
Jan-24 14:50:10.096 [main] DEBUG nextflow.Session - Workflow process names [dsl2]: PaireEndTrimming, HisatMappingSingleEnd, SingleEndTrimming, QualityControl, HtseqCounting, HisatIndex, SortBams, SpliceCrossingReads, HisatMappingPairedEnd, Fastqc_check, BedBamStats
Jan-24 14:50:10.096 [main] DEBUG nextflow.Session - Igniting dataflow network (10)
Jan-24 14:50:10.103 [main] DEBUG nextflow.processor.TaskProcessor - Starting process > QualityControl
Jan-24 14:50:10.103 [main] DEBUG nextflow.processor.TaskProcessor - Starting process > Fastqc_check
Jan-24 14:50:10.104 [main] DEBUG nextflow.processor.TaskProcessor - Starting process > HisatIndex
Jan-24 14:50:10.104 [main] DEBUG nextflow.processor.TaskProcessor - Starting process > SingleEndTrimming
Jan-24 14:50:10.104 [main] DEBUG nextflow.processor.TaskProcessor - Starting process > HisatMappingSingleEnd
Jan-24 14:50:10.105 [main] DEBUG nextflow.processor.TaskProcessor - Starting process > SortBams
Jan-24 14:50:10.105 [main] DEBUG nextflow.processor.TaskProcessor - Starting process > HtseqCounting
Jan-24 14:50:10.105 [main] DEBUG nextflow.processor.TaskProcessor - Starting process > BedBamStats
Jan-24 14:50:10.105 [main] DEBUG nextflow.processor.TaskProcessor - Starting process > SpliceCrossingReads
Jan-24 14:50:10.105 [main] DEBUG nextflow.script.ScriptRunner - > Awaiting termination 
Jan-24 14:50:10.106 [main] DEBUG nextflow.Session - Session await
Jan-24 14:50:10.106 [PathVisitor-1] DEBUG nextflow.file.PathVisitor - files for syntax: glob; folder: /Users/saikouybah/Documents/RNA_Seq_Nexflow/data/UnpairedFastq/; pattern: *; options: [checkIfExists:true]
Jan-24 14:50:10.218 [Task submitter] DEBUG n.executor.local.LocalTaskHandler - Launch cmd line: /bin/bash -ue .command.run
Jan-24 14:50:10.220 [Task submitter] INFO  nextflow.Session - [57/d827fe] Submitted process > QualityControl (gametocyteV_chr1)
Jan-24 14:50:10.228 [Task submitter] DEBUG n.executor.local.LocalTaskHandler - Launch cmd line: /bin/bash -ue .command.run
Jan-24 14:50:10.228 [Task submitter] INFO  nextflow.Session - [de/354c44] Submitted process > QualityControl (schizont_chr1)
Jan-24 14:50:10.232 [Task submitter] DEBUG n.executor.local.LocalTaskHandler - Launch cmd line: /bin/bash -ue .command.run
Jan-24 14:50:10.233 [Task submitter] INFO  nextflow.Session - [5f/9fc31b] Submitted process > QualityControl (lateTroph_chr1)
Jan-24 14:50:10.238 [Task submitter] DEBUG n.executor.local.LocalTaskHandler - Launch cmd line: /bin/bash -ue .command.run
Jan-24 14:50:10.238 [Task submitter] INFO  nextflow.Session - [78/460349] Submitted process > QualityControl (gametocyteII_chr1)
Jan-24 14:50:10.241 [Task submitter] DEBUG n.executor.local.LocalTaskHandler - Launch cmd line: /bin/bash -ue .command.run
Jan-24 14:50:10.241 [Task submitter] INFO  nextflow.Session - [dd/fde0fc] Submitted process > HisatIndex (Hisat2 indexing)
Jan-24 14:50:17.207 [Task monitor] DEBUG n.processor.TaskPollingMonitor - Task completed > TaskHandler[id: 1; name: HisatIndex (Hisat2 indexing); status: COMPLETED; exit: 0; error: -; workDir: /Users/saikouybah/Documents/RNA_Seq_Nexflow/work/dd/fde0fc680336567c51dc1d6bf9d473]
Jan-24 14:50:17.226 [Task monitor] DEBUG nextflow.util.ThreadPoolBuilder - Creating thread pool 'PublishDir' minSize=10; maxSize=24; workQueue=LinkedBlockingQueue[10000]; allowCoreThreadTimeout=false
Jan-24 14:50:40.035 [Task monitor] DEBUG n.processor.TaskPollingMonitor - Task completed > TaskHandler[id: 5; name: QualityControl (gametocyteII_chr1); status: COMPLETED; exit: 0; error: -; workDir: /Users/saikouybah/Documents/RNA_Seq_Nexflow/work/78/460349acadcc6bb0306013952415f0]
Jan-24 14:50:40.062 [Task submitter] DEBUG n.executor.local.LocalTaskHandler - Launch cmd line: /bin/bash -ue .command.run
Jan-24 14:50:40.062 [Task submitter] INFO  nextflow.Session - [ec/77b21e] Submitted process > Fastqc_check (gametocyteII_chr1)
Jan-24 14:50:42.529 [Task monitor] DEBUG n.processor.TaskPollingMonitor - Task completed > TaskHandler[id: 6; name: Fastqc_check (gametocyteII_chr1); status: COMPLETED; exit: 0; error: -; workDir: /Users/saikouybah/Documents/RNA_Seq_Nexflow/work/ec/77b21ee7d40bfc511c24cd137ec533]
Jan-24 14:50:42.548 [Task submitter] WARN  nextflow.executor.BashWrapperBuilder - Task runtime metrics are not reported when using macOS without a container engine
Jan-24 14:50:42.551 [Task submitter] DEBUG n.executor.local.LocalTaskHandler - Launch cmd line: /bin/bash -ue .command.run
Jan-24 14:50:42.552 [Task submitter] INFO  nextflow.Session - [0e/63f98f] Submitted process > SingleEndTrimming (gametocyteV_chr1)
Jan-24 14:50:43.117 [Task monitor] DEBUG n.processor.TaskPollingMonitor - Task completed > TaskHandler[id: 3; name: QualityControl (lateTroph_chr1); status: COMPLETED; exit: 0; error: -; workDir: /Users/saikouybah/Documents/RNA_Seq_Nexflow/work/5f/9fc31b372f7322af7733ebf85bde75]
Jan-24 14:50:43.126 [Task submitter] DEBUG n.executor.local.LocalTaskHandler - Launch cmd line: /bin/bash -ue .command.run
Jan-24 14:50:43.126 [Task submitter] INFO  nextflow.Session - [3b/d798fd] Submitted process > Fastqc_check (lateTroph_chr1)
Jan-24 14:50:45.404 [Task monitor] DEBUG n.processor.TaskPollingMonitor - Task completed > TaskHandler[id: 8; name: Fastqc_check (lateTroph_chr1); status: COMPLETED; exit: 0; error: -; workDir: /Users/saikouybah/Documents/RNA_Seq_Nexflow/work/3b/d798fd796f18ef6b9d480891c843cb]
Jan-24 14:50:45.414 [Task submitter] DEBUG n.executor.local.LocalTaskHandler - Launch cmd line: /bin/bash -ue .command.run
Jan-24 14:50:45.414 [Task submitter] INFO  nextflow.Session - [30/af4b35] Submitted process > SingleEndTrimming (lateTroph_chr1)
Jan-24 14:50:46.300 [Task monitor] DEBUG n.processor.TaskPollingMonitor - Task completed > TaskHandler[id: 2; name: QualityControl (gametocyteV_chr1); status: COMPLETED; exit: 0; error: -; workDir: /Users/saikouybah/Documents/RNA_Seq_Nexflow/work/57/d827feb48288e03f10ef380c3ff7c6]
Jan-24 14:50:46.307 [Task submitter] DEBUG n.executor.local.LocalTaskHandler - Launch cmd line: /bin/bash -ue .command.run
Jan-24 14:50:46.307 [Task submitter] INFO  nextflow.Session - [ff/6495ae] Submitted process > Fastqc_check (gametocyteV_chr1)
Jan-24 14:50:48.441 [Task monitor] DEBUG n.processor.TaskPollingMonitor - Task completed > TaskHandler[id: 10; name: Fastqc_check (gametocyteV_chr1); status: COMPLETED; exit: 0; error: -; workDir: /Users/saikouybah/Documents/RNA_Seq_Nexflow/work/ff/6495aec5e051cb8a018cb9c28b58f2]
Jan-24 14:50:48.450 [Task submitter] DEBUG n.executor.local.LocalTaskHandler - Launch cmd line: /bin/bash -ue .command.run
Jan-24 14:50:48.451 [Task submitter] INFO  nextflow.Session - [64/7f0665] Submitted process > SingleEndTrimming (schizont_chr1)
Jan-24 14:50:51.785 [Task monitor] DEBUG n.processor.TaskPollingMonitor - Task completed > TaskHandler[id: 4; name: QualityControl (schizont_chr1); status: COMPLETED; exit: 0; error: -; workDir: /Users/saikouybah/Documents/RNA_Seq_Nexflow/work/de/354c44a9451ca9ff65c18001483311]
Jan-24 14:50:51.793 [Task submitter] DEBUG n.executor.local.LocalTaskHandler - Launch cmd line: /bin/bash -ue .command.run
Jan-24 14:50:51.794 [Task submitter] INFO  nextflow.Session - [06/0d7dc8] Submitted process > Fastqc_check (schizont_chr1)
Jan-24 14:50:54.269 [Task monitor] DEBUG n.processor.TaskPollingMonitor - Task completed > TaskHandler[id: 12; name: Fastqc_check (schizont_chr1); status: COMPLETED; exit: 0; error: -; workDir: /Users/saikouybah/Documents/RNA_Seq_Nexflow/work/06/0d7dc81d307daa6b83c0137df9fa6a]
Jan-24 14:50:54.299 [Task submitter] DEBUG n.executor.local.LocalTaskHandler - Launch cmd line: /bin/bash -ue .command.run
Jan-24 14:50:54.302 [Task submitter] INFO  nextflow.Session - [f4/cc212a] Submitted process > SingleEndTrimming (gametocyteII_chr1)
Jan-24 14:50:54.402 [Task monitor] DEBUG n.processor.TaskPollingMonitor - Task completed > TaskHandler[id: 7; name: SingleEndTrimming (gametocyteV_chr1); status: COMPLETED; exit: 0; error: -; workDir: /Users/saikouybah/Documents/RNA_Seq_Nexflow/work/0e/63f98f97ba5eff52d68829d638fab7]
Jan-24 14:50:54.426 [Task submitter] DEBUG n.executor.local.LocalTaskHandler - Launch cmd line: /bin/bash -ue .command.run
Jan-24 14:50:54.426 [Task submitter] INFO  nextflow.Session - [b9/3fbbd5] Submitted process > HisatMappingSingleEnd (gametocyteV_chr1)
Jan-24 14:50:56.747 [Task monitor] DEBUG n.processor.TaskPollingMonitor - Task completed > TaskHandler[id: 9; name: SingleEndTrimming (lateTroph_chr1); status: COMPLETED; exit: 0; error: -; workDir: /Users/saikouybah/Documents/RNA_Seq_Nexflow/work/30/af4b352ccc899ea6de98d1430ab486]
Jan-24 14:50:56.757 [Task submitter] DEBUG n.executor.local.LocalTaskHandler - Launch cmd line: /bin/bash -ue .command.run
Jan-24 14:50:56.757 [Task submitter] INFO  nextflow.Session - [1a/9dce50] Submitted process > HisatMappingSingleEnd (lateTroph_chr1)
Jan-24 14:51:00.270 [Task monitor] DEBUG n.processor.TaskPollingMonitor - Task completed > TaskHandler[id: 13; name: SingleEndTrimming (gametocyteII_chr1); status: COMPLETED; exit: 0; error: -; workDir: /Users/saikouybah/Documents/RNA_Seq_Nexflow/work/f4/cc212aaae8644d959d8cf25c4e843d]
Jan-24 14:51:00.283 [Task submitter] DEBUG n.executor.local.LocalTaskHandler - Launch cmd line: /bin/bash -ue .command.run
Jan-24 14:51:00.283 [Task submitter] INFO  nextflow.Session - [72/da4468] Submitted process > HisatMappingSingleEnd (gametocyteII_chr1)
Jan-24 14:51:11.033 [Task monitor] DEBUG n.processor.TaskPollingMonitor - Task completed > TaskHandler[id: 11; name: SingleEndTrimming (schizont_chr1); status: COMPLETED; exit: 0; error: -; workDir: /Users/saikouybah/Documents/RNA_Seq_Nexflow/work/64/7f0665c43b00d4daa6f940e57d1b38]
Jan-24 14:51:11.042 [Task submitter] DEBUG n.executor.local.LocalTaskHandler - Launch cmd line: /bin/bash -ue .command.run
Jan-24 14:51:11.042 [Task submitter] INFO  nextflow.Session - [3d/ac020c] Submitted process > HisatMappingSingleEnd (schizont_chr1)
Jan-24 14:51:21.385 [Task monitor] DEBUG n.processor.TaskPollingMonitor - Task completed > TaskHandler[id: 16; name: HisatMappingSingleEnd (gametocyteII_chr1); status: COMPLETED; exit: 0; error: -; workDir: /Users/saikouybah/Documents/RNA_Seq_Nexflow/work/72/da4468e30cb08d501b615b07596bf9]
Jan-24 14:51:21.409 [Task submitter] DEBUG n.executor.local.LocalTaskHandler - Launch cmd line: /bin/bash -ue .command.run
Jan-24 14:51:21.409 [Task submitter] INFO  nextflow.Session - [a9/61268a] Submitted process > SortBams (gametocyteII_chr1)
Jan-24 14:51:21.411 [Task submitter] DEBUG n.executor.local.LocalTaskHandler - Launch cmd line: /bin/bash -ue .command.run
Jan-24 14:51:21.411 [Task submitter] INFO  nextflow.Session - [19/bc8803] Submitted process > BedBamStats (gametocyteII_chr1)
Jan-24 14:51:21.413 [Task submitter] DEBUG n.executor.local.LocalTaskHandler - Launch cmd line: /bin/bash -ue .command.run
Jan-24 14:51:21.413 [Task submitter] INFO  nextflow.Session - [a8/287abb] Submitted process > SpliceCrossingReads (gametocyteII_chr1)
Jan-24 14:51:29.859 [Task monitor] DEBUG n.processor.TaskPollingMonitor - Task completed > TaskHandler[id: 20; name: SpliceCrossingReads (gametocyteII_chr1); status: COMPLETED; exit: 0; error: -; workDir: /Users/saikouybah/Documents/RNA_Seq_Nexflow/work/a8/287abbb96f137fdb9e015f1d6eed92]
Jan-24 14:51:32.071 [Task monitor] DEBUG n.processor.TaskPollingMonitor - Task completed > TaskHandler[id: 19; name: SortBams (gametocyteII_chr1); status: COMPLETED; exit: 0; error: -; workDir: /Users/saikouybah/Documents/RNA_Seq_Nexflow/work/a9/61268abb330e7164f85c4ca2f1a930]
Jan-24 14:51:32.095 [Task submitter] DEBUG n.executor.local.LocalTaskHandler - Launch cmd line: /bin/bash -ue .command.run
Jan-24 14:51:32.095 [Task submitter] INFO  nextflow.Session - [0f/2b05a2] Submitted process > HtseqCounting (gametocyteII_chr1)
Jan-24 14:51:43.014 [Task monitor] DEBUG n.processor.TaskPollingMonitor - Task completed > TaskHandler[id: 15; name: HisatMappingSingleEnd (lateTroph_chr1); status: COMPLETED; exit: 0; error: -; workDir: /Users/saikouybah/Documents/RNA_Seq_Nexflow/work/1a/9dce5042431eef1fd9d04c0f234c5a]
Jan-24 14:51:43.023 [Task submitter] DEBUG n.executor.local.LocalTaskHandler - Launch cmd line: /bin/bash -ue .command.run
Jan-24 14:51:43.023 [Task submitter] INFO  nextflow.Session - [74/72e0e5] Submitted process > BedBamStats (lateTroph_chr1)
Jan-24 14:51:43.024 [Task submitter] DEBUG n.executor.local.LocalTaskHandler - Launch cmd line: /bin/bash -ue .command.run
Jan-24 14:51:43.024 [Task submitter] INFO  nextflow.Session - [a4/f12893] Submitted process > SpliceCrossingReads (lateTroph_chr1)
Jan-24 14:51:43.026 [Task submitter] DEBUG n.executor.local.LocalTaskHandler - Launch cmd line: /bin/bash -ue .command.run
Jan-24 14:51:43.026 [Task submitter] INFO  nextflow.Session - [e1/8f3583] Submitted process > SortBams (lateTroph_chr1)
Jan-24 14:51:46.328 [Task monitor] DEBUG n.processor.TaskPollingMonitor - Task completed > TaskHandler[id: 14; name: HisatMappingSingleEnd (gametocyteV_chr1); status: COMPLETED; exit: 0; error: -; workDir: /Users/saikouybah/Documents/RNA_Seq_Nexflow/work/b9/3fbbd54f1e7f1bb229ba22e8b7e8c2]
Jan-24 14:51:46.334 [Task submitter] DEBUG n.executor.local.LocalTaskHandler - Launch cmd line: /bin/bash -ue .command.run
Jan-24 14:51:46.334 [Task submitter] INFO  nextflow.Session - [36/9b2902] Submitted process > SortBams (gametocyteV_chr1)
Jan-24 14:51:46.337 [Task submitter] DEBUG n.executor.local.LocalTaskHandler - Launch cmd line: /bin/bash -ue .command.run
Jan-24 14:51:46.337 [Task submitter] INFO  nextflow.Session - [56/549323] Submitted process > SpliceCrossingReads (gametocyteV_chr1)
Jan-24 14:51:58.789 [Task monitor] DEBUG n.processor.TaskPollingMonitor - Task completed > TaskHandler[id: 24; name: SpliceCrossingReads (lateTroph_chr1); status: COMPLETED; exit: 0; error: -; workDir: /Users/saikouybah/Documents/RNA_Seq_Nexflow/work/a4/f12893d192ce6803e375b84c4320cd]
Jan-24 14:51:58.793 [Task submitter] DEBUG n.executor.local.LocalTaskHandler - Launch cmd line: /bin/bash -ue .command.run
Jan-24 14:51:58.793 [Task submitter] INFO  nextflow.Session - [ae/0c196d] Submitted process > BedBamStats (gametocyteV_chr1)
Jan-24 14:52:06.921 [Task monitor] DEBUG n.processor.TaskPollingMonitor - Task completed > TaskHandler[id: 23; name: SortBams (lateTroph_chr1); status: COMPLETED; exit: 0; error: -; workDir: /Users/saikouybah/Documents/RNA_Seq_Nexflow/work/e1/8f358348bbd4dfcc2be3fb11112a14]
Jan-24 14:52:06.928 [Task submitter] DEBUG n.executor.local.LocalTaskHandler - Launch cmd line: /bin/bash -ue .command.run
Jan-24 14:52:06.929 [Task submitter] INFO  nextflow.Session - [e4/257691] Submitted process > HtseqCounting (lateTroph_chr1)
Jan-24 14:52:08.018 [Task monitor] DEBUG n.processor.TaskPollingMonitor - Task completed > TaskHandler[id: 27; name: SpliceCrossingReads (gametocyteV_chr1); status: COMPLETED; exit: 0; error: -; workDir: /Users/saikouybah/Documents/RNA_Seq_Nexflow/work/56/549323178b7b6eee3d4413be99bbf2]
Jan-24 14:52:12.554 [Task monitor] DEBUG n.processor.TaskPollingMonitor - Task completed > TaskHandler[id: 26; name: SortBams (gametocyteV_chr1); status: COMPLETED; exit: 0; error: -; workDir: /Users/saikouybah/Documents/RNA_Seq_Nexflow/work/36/9b29029e3e7dd5a281f38c6edd9560]
Jan-24 14:52:12.562 [Task submitter] DEBUG n.executor.local.LocalTaskHandler - Launch cmd line: /bin/bash -ue .command.run
Jan-24 14:52:12.562 [Task submitter] INFO  nextflow.Session - [de/394105] Submitted process > HtseqCounting (gametocyteV_chr1)
Jan-24 14:52:21.459 [Task monitor] DEBUG n.processor.TaskPollingMonitor - Task completed > TaskHandler[id: 18; name: BedBamStats (gametocyteII_chr1); status: COMPLETED; exit: 0; error: -; workDir: /Users/saikouybah/Documents/RNA_Seq_Nexflow/work/19/bc8803d963c63996c6535ef0cedbac]
Jan-24 14:52:51.399 [Task monitor] DEBUG n.processor.TaskPollingMonitor - Task completed > TaskHandler[id: 22; name: BedBamStats (lateTroph_chr1); status: COMPLETED; exit: 0; error: -; workDir: /Users/saikouybah/Documents/RNA_Seq_Nexflow/work/74/72e0e5b131312485676d239434616a]
Jan-24 14:52:59.718 [Task monitor] DEBUG n.processor.TaskPollingMonitor - Task completed > TaskHandler[id: 17; name: HisatMappingSingleEnd (schizont_chr1); status: COMPLETED; exit: 0; error: -; workDir: /Users/saikouybah/Documents/RNA_Seq_Nexflow/work/3d/ac020ca44545e24d81d6a72d37ccfe]
Jan-24 14:52:59.726 [Task submitter] DEBUG n.executor.local.LocalTaskHandler - Launch cmd line: /bin/bash -ue .command.run
Jan-24 14:52:59.726 [Task submitter] INFO  nextflow.Session - [05/f28a2b] Submitted process > BedBamStats (schizont_chr1)
Jan-24 14:52:59.729 [Task submitter] DEBUG n.executor.local.LocalTaskHandler - Launch cmd line: /bin/bash -ue .command.run
Jan-24 14:52:59.729 [Task submitter] INFO  nextflow.Session - [6f/54f160] Submitted process > SpliceCrossingReads (schizont_chr1)
Jan-24 14:52:59.731 [Task submitter] DEBUG n.executor.local.LocalTaskHandler - Launch cmd line: /bin/bash -ue .command.run
Jan-24 14:52:59.731 [Task submitter] INFO  nextflow.Session - [9b/413978] Submitted process > SortBams (schizont_chr1)
Jan-24 14:53:24.565 [Task monitor] DEBUG n.processor.TaskPollingMonitor - Task completed > TaskHandler[id: 25; name: BedBamStats (gametocyteV_chr1); status: COMPLETED; exit: 0; error: -; workDir: /Users/saikouybah/Documents/RNA_Seq_Nexflow/work/ae/0c196dfc14dbb56f1b02afc07b177a]
Jan-24 14:53:29.654 [Task monitor] DEBUG n.processor.TaskPollingMonitor - Task completed > TaskHandler[id: 30; name: SpliceCrossingReads (schizont_chr1); status: COMPLETED; exit: 0; error: -; workDir: /Users/saikouybah/Documents/RNA_Seq_Nexflow/work/6f/54f160d51d5b1921e578769ce0ee31]
Jan-24 14:53:40.132 [Task monitor] DEBUG n.processor.TaskPollingMonitor - Task completed > TaskHandler[id: 31; name: SortBams (schizont_chr1); status: COMPLETED; exit: 0; error: -; workDir: /Users/saikouybah/Documents/RNA_Seq_Nexflow/work/9b/4139787fc909e1b2bd3cf01e344da8]
Jan-24 14:53:40.140 [Task submitter] DEBUG n.executor.local.LocalTaskHandler - Launch cmd line: /bin/bash -ue .command.run
Jan-24 14:53:40.140 [Task submitter] INFO  nextflow.Session - [0b/4cd0a4] Submitted process > HtseqCounting (schizont_chr1)
Jan-24 14:54:14.249 [Task monitor] DEBUG n.processor.TaskPollingMonitor - Task completed > TaskHandler[id: 32; name: BedBamStats (schizont_chr1); status: COMPLETED; exit: 0; error: -; workDir: /Users/saikouybah/Documents/RNA_Seq_Nexflow/work/05/f28a2b38f2363e7febfc5a4e88300d]
Jan-24 14:54:20.734 [Task monitor] DEBUG n.processor.TaskPollingMonitor - Task completed > TaskHandler[id: 21; name: HtseqCounting (gametocyteII_chr1); status: COMPLETED; exit: 0; error: -; workDir: /Users/saikouybah/Documents/RNA_Seq_Nexflow/work/0f/2b05a22f6c332d025c216130b7a5c8]
Jan-24 14:55:10.231 [Task monitor] DEBUG n.processor.TaskPollingMonitor - !! executor local > tasks to be completed: 3 -- submitted tasks are shown below
~> TaskHandler[id: 28; name: HtseqCounting (lateTroph_chr1); status: RUNNING; exit: -; error: -; workDir: /Users/saikouybah/Documents/RNA_Seq_Nexflow/work/e4/2576918bbe8f47ee25d545531254bc]
~> TaskHandler[id: 29; name: HtseqCounting (gametocyteV_chr1); status: RUNNING; exit: -; error: -; workDir: /Users/saikouybah/Documents/RNA_Seq_Nexflow/work/de/3941058cffb554d7e983a041416b69]
~> TaskHandler[id: 33; name: HtseqCounting (schizont_chr1); status: RUNNING; exit: -; error: -; workDir: /Users/saikouybah/Documents/RNA_Seq_Nexflow/work/0b/4cd0a4f8fcbe43fd95825c3b83b765]
Jan-24 14:55:15.448 [Task monitor] DEBUG n.processor.TaskPollingMonitor - Task completed > TaskHandler[id: 28; name: HtseqCounting (lateTroph_chr1); status: COMPLETED; exit: 0; error: -; workDir: /Users/saikouybah/Documents/RNA_Seq_Nexflow/work/e4/2576918bbe8f47ee25d545531254bc]
Jan-24 14:56:20.674 [Task monitor] DEBUG n.processor.TaskPollingMonitor - Task completed > TaskHandler[id: 29; name: HtseqCounting (gametocyteV_chr1); status: COMPLETED; exit: 0; error: -; workDir: /Users/saikouybah/Documents/RNA_Seq_Nexflow/work/de/3941058cffb554d7e983a041416b69]
Jan-24 14:59:00.248 [Task monitor] DEBUG n.processor.TaskPollingMonitor - Task completed > TaskHandler[id: 33; name: HtseqCounting (schizont_chr1); status: COMPLETED; exit: 0; error: -; workDir: /Users/saikouybah/Documents/RNA_Seq_Nexflow/work/0b/4cd0a4f8fcbe43fd95825c3b83b765]
Jan-24 14:59:00.250 [main] DEBUG nextflow.Session - Session await > all processes finished
Jan-24 14:59:00.252 [main] DEBUG nextflow.Session - Session await > all barriers passed
Jan-24 14:59:00.255 [main] DEBUG nextflow.util.ThreadPoolManager - Thread pool 'PublishDir' shutdown completed (hard=false)
Jan-24 14:59:00.258 [main] DEBUG nextflow.trace.WorkflowStatsObserver - Workflow completed > WorkflowStats[succeededCount=33; failedCount=0; ignoredCount=0; cachedCount=0; pendingCount=0; submittedCount=0; runningCount=0; retriesCount=0; abortedCount=0; succeedDuration=29m 23s; failedDuration=0ms; cachedDuration=0ms;loadCpus=0; loadMemory=0; peakRunning=8; peakCpus=8; peakMemory=0; ]
Jan-24 14:59:00.258 [main] DEBUG nextflow.trace.TraceFileObserver - Workflow completed -- saving trace file
Jan-24 14:59:00.259 [main] DEBUG nextflow.trace.ReportObserver - Workflow completed -- rendering execution report
Jan-24 14:59:00.293 [main] DEBUG nextflow.trace.ReportObserver - Execution report summary data:
  [{"cpuUsage":{"mean":41.8,"min":41.8,"q1":41.8,"q2":41.8,"q3":41.8,"max":41.8,"minLabel":"HisatIndex (Hisat2 indexing)","maxLabel":"HisatIndex (Hisat2 indexing)","q1Label":"HisatIndex (Hisat2 indexing)","q2Label":"HisatIndex (Hisat2 indexing)","q3Label":"HisatIndex (Hisat2 indexing)"},"process":"HisatIndex","mem":{"mean":117899264,"min":117899264,"q1":117899264,"q2":117899264,"q3":117899264,"max":117899264,"minLabel":"HisatIndex (Hisat2 indexing)","maxLabel":"HisatIndex (Hisat2 indexing)","q1Label":"HisatIndex (Hisat2 indexing)","q2Label":"HisatIndex (Hisat2 indexing)","q3Label":"HisatIndex (Hisat2 indexing)"},"memUsage":null,"timeUsage":null,"vmem":{"mean":414236672,"min":414236672,"q1":414236672,"q2":414236672,"q3":414236672,"max":414236672,"minLabel":"HisatIndex (Hisat2 indexing)","maxLabel":"HisatIndex (Hisat2 indexing)","q1Label":"HisatIndex (Hisat2 indexing)","q2Label":"HisatIndex (Hisat2 indexing)","q3Label":"HisatIndex (Hisat2 indexing)"},"reads":{"mean":1941074,"min":1941074,"q1":1941074,"q2":1941074,"q3":1941074,"max":1941074,"minLabel":"HisatIndex (Hisat2 indexing)","maxLabel":"HisatIndex (Hisat2 indexing)","q1Label":"HisatIndex (Hisat2 indexing)","q2Label":"HisatIndex (Hisat2 indexing)","q3Label":"HisatIndex (Hisat2 indexing)"},"cpu":{"mean":41.8,"min":41.8,"q1":41.8,"q2":41.8,"q3":41.8,"max":41.8,"minLabel":"HisatIndex (Hisat2 indexing)","maxLabel":"HisatIndex (Hisat2 indexing)","q1Label":"HisatIndex (Hisat2 indexing)","q2Label":"HisatIndex (Hisat2 indexing)","q3Label":"HisatIndex (Hisat2 indexing)"},"time":{"mean":4595,"min":4595,"q1":4595,"q2":4595,"q3":4595,"max":4595,"minLabel":"HisatIndex (Hisat2 indexing)","maxLabel":"HisatIndex (Hisat2 indexing)","q1Label":"HisatIndex (Hisat2 indexing)","q2Label":"HisatIndex (Hisat2 indexing)","q3Label":"HisatIndex (Hisat2 indexing)"},"writes":{"mean":5184990,"min":5184990,"q1":5184990,"q2":5184990,"q3":5184990,"max":5184990,"minLabel":"HisatIndex (Hisat2 indexing)","maxLabel":"HisatIndex (Hisat2 indexing)","q1Label":"HisatIndex (Hisat2 indexing)","q2Label":"HisatIndex (Hisat2 indexing)","q3Label":"HisatIndex (Hisat2 indexing)"}},{"cpuUsage":{"mean":62.18,"min":60.6,"q1":60.75,"q2":61.85,"q3":63.28,"max":64.4,"minLabel":"QualityControl (gametocyteV_chr1)","maxLabel":"QualityControl (schizont_chr1)","q1Label":"QualityControl (gametocyteV_chr1)","q2Label":"QualityControl (gametocyteII_chr1)","q3Label":"QualityControl (lateTroph_chr1)"},"process":"QualityControl","mem":{"mean":351700992,"min":336351232,"q1":337266688,"q2":347490304,"q3":361924608,"max":375472128,"minLabel":"QualityControl (schizont_chr1)","maxLabel":"QualityControl (lateTroph_chr1)","q1Label":"QualityControl (schizont_chr1)","q2Label":"QualityControl (gametocyteV_chr1)","q3Label":"QualityControl (gametocyteII_chr1)"},"memUsage":null,"timeUsage":null,"vmem":{"mean":3082573824,"min":3082092544,"q1":3082135552,"q2":3082379264,"q3":3082817536,"max":3083444224,"minLabel":"QualityControl (lateTroph_chr1)","maxLabel":"QualityControl (schizont_chr1)","q1Label":"QualityControl (lateTroph_chr1)","q2Label":"QualityControl (gametocyteII_chr1)","q3Label":"QualityControl (gametocyteV_chr1)"},"reads":{"mean":26374193,"min":18730340,"q1":22098437,"q2":24122681,"q3":28398437,"max":38521070,"minLabel":"QualityControl (gametocyteII_chr1)","maxLabel":"QualityControl (schizont_chr1)","q1Label":"QualityControl (gametocyteII_chr1)","q2Label":"QualityControl (lateTroph_chr1)","q3Label":"QualityControl (gametocyteV_chr1)"},"cpu":{"mean":62.18,"min":60.6,"q1":60.75,"q2":61.85,"q3":63.28,"max":64.4,"minLabel":"QualityControl (gametocyteV_chr1)","maxLabel":"QualityControl (schizont_chr1)","q1Label":"QualityControl (gametocyteV_chr1)","q2Label":"QualityControl (gametocyteII_chr1)","q3Label":"QualityControl (lateTroph_chr1)"},"time":{"mean":33065.25,"min":28014,"q1":29907.75,"q2":32356,"q3":35513.5,"max":39535,"minLabel":"QualityControl (gametocyteII_chr1)","maxLabel":"QualityControl (schizont_chr1)","q1Label":"QualityControl (gametocyteII_chr1)","q2Label":"QualityControl (lateTroph_chr1)","q3Label":"QualityControl (gametocyteV_chr1)"},"writes":{"mean":1441879.75,"min":1383494,"q1":1423980.5,"q2":1438249.5,"q3":1456148.75,"max":1507526,"minLabel":"QualityControl (lateTroph_chr1)","maxLabel":"QualityControl (gametocyteV_chr1)","q1Label":"QualityControl (lateTroph_chr1)","q2Label":"QualityControl (schizont_chr1)","q3Label":"QualityControl (gametocyteII_chr1)"}},{"cpuUsage":{"mean":57.9,"min":53,"q1":56.3,"q2":58.95,"q3":60.55,"max":60.7,"minLabel":"Fastqc_check (schizont_chr1)","maxLabel":"Fastqc_check (gametocyteII_chr1)","q1Label":"Fastqc_check (schizont_chr1)","q2Label":"Fastqc_check (lateTroph_chr1)","q3Label":"Fastqc_check (gametocyteV_chr1)"},"process":"Fastqc_check","mem":{"mean":8850432,"min":0,"q1":8718336,"q2":11689984,"q3":11822080,"max":12021760,"minLabel":"Fastqc_check (gametocyteII_chr1)","maxLabel":"Fastqc_check (schizont_chr1)","q1Label":"Fastqc_check (gametocyteII_chr1)","q2Label":"Fastqc_check (gametocyteV_chr1)","q3Label":"Fastqc_check (lateTroph_chr1)"},"memUsage":null,"timeUsage":null,"vmem":{"mean":124188672,"min":0,"q1":124188672,"q2":165584896,"q3":165584896,"max":165584896,"minLabel":"Fastqc_check (gametocyteII_chr1)","maxLabel":"Fastqc_check (schizont_chr1)","q1Label":"Fastqc_check (gametocyteII_chr1)","q2Label":"Fastqc_check (lateTroph_chr1)","q3Label":"Fastqc_check (gametocyteV_chr1)"},"reads":{"mean":150810.5,"min":149656,"q1":149995,"q2":150535,"q3":151350.5,"max":152516,"minLabel":"Fastqc_check (lateTroph_chr1)","maxLabel":"Fastqc_check (gametocyteV_chr1)","q1Label":"Fastqc_check (lateTroph_chr1)","q2Label":"Fastqc_check (gametocyteII_chr1)","q3Label":"Fastqc_check (schizont_chr1)"},"cpu":{"mean":57.9,"min":53,"q1":56.3,"q2":58.95,"q3":60.55,"max":60.7,"minLabel":"Fastqc_check (schizont_chr1)","maxLabel":"Fastqc_check (gametocyteII_chr1)","q1Label":"Fastqc_check (schizont_chr1)","q2Label":"Fastqc_check (lateTroph_chr1)","q3Label":"Fastqc_check (gametocyteV_chr1)"},"time":{"mean":408.75,"min":380,"q1":395,"q2":404,"q3":417.75,"max":447,"minLabel":"Fastqc_check (gametocyteII_chr1)","maxLabel":"Fastqc_check (lateTroph_chr1)","q1Label":"Fastqc_check (gametocyteII_chr1)","q2Label":"Fastqc_check (schizont_chr1)","q3Label":"Fastqc_check (gametocyteV_chr1)"},"writes":{"mean":185,"min":185,"q1":185,"q2":185,"q3":185,"max":185,"minLabel":"Fastqc_check (gametocyteII_chr1)","maxLabel":"Fastqc_check (schizont_chr1)","q1Label":"Fastqc_check (gametocyteII_chr1)","q2Label":"Fastqc_check (lateTroph_chr1)","q3Label":"Fastqc_check (gametocyteV_chr1)"}},{"cpuUsage":null,"process":"SingleEndTrimming","mem":null,"memUsage":null,"timeUsage":null,"vmem":null,"reads":null,"cpu":null,"time":{"mean":12861.75,"min":5899,"q1":9918.25,"q2":11523,"q3":14466.5,"max":22502,"minLabel":"SingleEndTrimming (gametocyteII_chr1)","maxLabel":"SingleEndTrimming (schizont_chr1)","q1Label":"SingleEndTrimming (gametocyteII_chr1)","q2Label":"SingleEndTrimming (lateTroph_chr1)","q3Label":"SingleEndTrimming (gametocyteV_chr1)"},"writes":null},{"cpuUsage":{"mean":40.8,"min":31.7,"q1":39.05,"q2":41.75,"q3":43.5,"max":48,"minLabel":"HisatMappingSingleEnd (schizont_chr1)","maxLabel":"HisatMappingSingleEnd (gametocyteII_chr1)","q1Label":"HisatMappingSingleEnd (schizont_chr1)","q2Label":"HisatMappingSingleEnd (gametocyteV_chr1)","q3Label":"HisatMappingSingleEnd (lateTroph_chr1)"},"process":"HisatMappingSingleEnd","mem":{"mean":199271424,"min":164265984,"q1":174907392,"q2":189147136,"q3":213511168,"max":254525440,"minLabel":"HisatMappingSingleEnd (gametocyteII_chr1)","maxLabel":"HisatMappingSingleEnd (schizont_chr1)","q1Label":"HisatMappingSingleEnd (gametocyteII_chr1)","q2Label":"HisatMappingSingleEnd (lateTroph_chr1)","q3Label":"HisatMappingSingleEnd (gametocyteV_chr1)"},"memUsage":null,"timeUsage":null,"vmem":{"mean":2305974272,"min":2299678720,"q1":2299678720,"q2":2302828544,"q3":2309124096,"max":2318561280,"minLabel":"HisatMappingSingleEnd (gametocyteII_chr1)","maxLabel":"HisatMappingSingleEnd (schizont_chr1)","q1Label":"HisatMappingSingleEnd (gametocyteII_chr1)","q2Label":"HisatMappingSingleEnd (lateTroph_chr1)","q3Label":"HisatMappingSingleEnd (gametocyteV_chr1)"},"reads":{"mean":121295419,"min":57553437,"q1":81140121,"q2":100950069,"q3":141105367,"max":225728101,"minLabel":"HisatMappingSingleEnd (gametocyteII_chr1)","maxLabel":"HisatMappingSingleEnd (schizont_chr1)","q1Label":"HisatMappingSingleEnd (gametocyteII_chr1)","q2Label":"HisatMappingSingleEnd (lateTroph_chr1)","q3Label":"HisatMappingSingleEnd (gametocyteV_chr1)"},"cpu":{"mean":40.8,"min":31.7,"q1":39.05,"q2":41.75,"q3":43.5,"max":48,"minLabel":"HisatMappingSingleEnd (schizont_chr1)","maxLabel":"HisatMappingSingleEnd (gametocyteII_chr1)","q1Label":"HisatMappingSingleEnd (schizont_chr1)","q2Label":"HisatMappingSingleEnd (gametocyteV_chr1)","q3Label":"HisatMappingSingleEnd (lateTroph_chr1)"},"time":{"mean":55429.5,"min":19944,"q1":38817,"q2":47278.5,"q3":63891,"max":107217,"minLabel":"HisatMappingSingleEnd (gametocyteII_chr1)","maxLabel":"HisatMappingSingleEnd (schizont_chr1)","q1Label":"HisatMappingSingleEnd (gametocyteII_chr1)","q2Label":"HisatMappingSingleEnd (lateTroph_chr1)","q3Label":"HisatMappingSingleEnd (gametocyteV_chr1)"},"writes":{"mean":85945898.25,"min":39582418,"q1":56940700.75,"q2":72228897,"q3":101234094.5,"max":159743381,"minLabel":"HisatMappingSingleEnd (gametocyteII_chr1)","maxLabel":"HisatMappingSingleEnd (schizont_chr1)","q1Label":"HisatMappingSingleEnd (gametocyteII_chr1)","q2Label":"HisatMappingSingleEnd (lateTroph_chr1)","q3Label":"HisatMappingSingleEnd (gametocyteV_chr1)"}},{"cpuUsage":{"mean":31.48,"min":27,"q1":28.5,"q2":30.55,"q3":33.53,"max":37.8,"minLabel":"SpliceCrossingReads (gametocyteV_chr1)","maxLabel":"SpliceCrossingReads (gametocyteII_chr1)","q1Label":"SpliceCrossingReads (gametocyteV_chr1)","q2Label":"SpliceCrossingReads (lateTroph_chr1)","q3Label":"SpliceCrossingReads (schizont_chr1)"},"process":"SpliceCrossingReads","mem":{"mean":49985536,"min":47640576,"q1":48718848,"q2":50274304,"q3":51540992,"max":51752960,"minLabel":"SpliceCrossingReads (gametocyteII_chr1)","maxLabel":"SpliceCrossingReads (schizont_chr1)","q1Label":"SpliceCrossingReads (gametocyteII_chr1)","q2Label":"SpliceCrossingReads (lateTroph_chr1)","q3Label":"SpliceCrossingReads (gametocyteV_chr1)"},"memUsage":null,"timeUsage":null,"vmem":{"mean":505438208,"min":505438208,"q1":505438208,"q2":505438208,"q3":505438208,"max":505438208,"minLabel":"SpliceCrossingReads (gametocyteII_chr1)","maxLabel":"SpliceCrossingReads (schizont_chr1)","q1Label":"SpliceCrossingReads (gametocyteII_chr1)","q2Label":"SpliceCrossingReads (lateTroph_chr1)","q3Label":"SpliceCrossingReads (gametocyteV_chr1)"},"reads":{"mean":71252952.5,"min":32928638,"q1":46835898.5,"q2":59826943,"q3":84243997,"max":132429286,"minLabel":"SpliceCrossingReads (gametocyteII_chr1)","maxLabel":"SpliceCrossingReads (schizont_chr1)","q1Label":"SpliceCrossingReads (gametocyteII_chr1)","q2Label":"SpliceCrossingReads (lateTroph_chr1)","q3Label":"SpliceCrossingReads (gametocyteV_chr1)"},"cpu":{"mean":31.48,"min":27,"q1":28.5,"q2":30.55,"q3":33.53,"max":37.8,"minLabel":"SpliceCrossingReads (gametocyteV_chr1)","maxLabel":"SpliceCrossingReads (gametocyteII_chr1)","q1Label":"SpliceCrossingReads (gametocyteV_chr1)","q2Label":"SpliceCrossingReads (lateTroph_chr1)","q3Label":"SpliceCrossingReads (schizont_chr1)"},"time":{"mean":16016.75,"min":6385,"q1":11116,"q2":15176,"q3":20076.75,"max":27330,"minLabel":"SpliceCrossingReads (gametocyteII_chr1)","maxLabel":"SpliceCrossingReads (schizont_chr1)","q1Label":"SpliceCrossingReads (gametocyteII_chr1)","q2Label":"SpliceCrossingReads (lateTroph_chr1)","q3Label":"SpliceCrossingReads (gametocyteV_chr1)"},"writes":{"mean":56237224,"min":25885420,"q1":36373643.5,"q2":47106870.5,"q3":66970451,"max":104849735,"minLabel":"SpliceCrossingReads (gametocyteII_chr1)","maxLabel":"SpliceCrossingReads (schizont_chr1)","q1Label":"SpliceCrossingReads (gametocyteII_chr1)","q2Label":"SpliceCrossingReads (lateTroph_chr1)","q3Label":"SpliceCrossingReads (gametocyteV_chr1)"}},{"cpuUsage":{"mean":31.28,"min":26.2,"q1":27.33,"q2":31.4,"q3":35.35,"max":36.1,"minLabel":"SortBams (lateTroph_chr1)","maxLabel":"SortBams (gametocyteII_chr1)","q1Label":"SortBams (lateTroph_chr1)","q2Label":"SortBams (gametocyteV_chr1)","q3Label":"SortBams (schizont_chr1)"},"process":"SortBams","mem":{"mean":109056000,"min":67436544,"q1":83309568,"q2":96526336,"q3":122272768,"max":175734784,"minLabel":"SortBams (gametocyteII_chr1)","maxLabel":"SortBams (schizont_chr1)","q1Label":"SortBams (gametocyteII_chr1)","q2Label":"SortBams (lateTroph_chr1)","q3Label":"SortBams (gametocyteV_chr1)"},"memUsage":null,"timeUsage":null,"vmem":{"mean":1302831104,"min":1298374656,"q1":1298374656,"q2":1300733952,"q3":1305190400,"max":1311481856,"minLabel":"SortBams (gametocyteII_chr1)","maxLabel":"SortBams (schizont_chr1)","q1Label":"SortBams (gametocyteII_chr1)","q2Label":"SortBams (lateTroph_chr1)","q3Label":"SortBams (gametocyteV_chr1)"},"reads":{"mean":14917060,"min":6944441,"q1":10363472.75,"q2":12621474,"q3":17175061.25,"max":27480851,"minLabel":"SortBams (gametocyteII_chr1)","maxLabel":"SortBams (schizont_chr1)","q1Label":"SortBams (gametocyteII_chr1)","q2Label":"SortBams (lateTroph_chr1)","q3Label":"SortBams (gametocyteV_chr1)"},"cpu":{"mean":31.28,"min":26.2,"q1":27.33,"q2":31.4,"q3":35.35,"max":36.1,"minLabel":"SortBams (lateTroph_chr1)","maxLabel":"SortBams (gametocyteII_chr1)","q1Label":"SortBams (lateTroph_chr1)","q2Label":"SortBams (gametocyteV_chr1)","q3Label":"SortBams (schizont_chr1)"},"time":{"mean":22813.75,"min":8964,"q1":17289.75,"q2":21946,"q3":27470,"max":38399,"minLabel":"SortBams (gametocyteII_chr1)","maxLabel":"SortBams (schizont_chr1)","q1Label":"SortBams (gametocyteII_chr1)","q2Label":"SortBams (lateTroph_chr1)","q3Label":"SortBams (gametocyteV_chr1)"},"writes":{"mean":16088403.75,"min":7594233,"q1":11153487.75,"q2":13953033,"q3":18887949,"max":28853316,"minLabel":"SortBams (gametocyteII_chr1)","maxLabel":"SortBams (schizont_chr1)","q1Label":"SortBams (gametocyteII_chr1)","q2Label":"SortBams (lateTroph_chr1)","q3Label":"SortBams (gametocyteV_chr1)"}},{"cpuUsage":{"mean":30.95,"min":26,"q1":28.03,"q2":30.75,"q3":33.67,"max":36.3,"minLabel":"BedBamStats (lateTroph_chr1)","maxLabel":"BedBamStats (schizont_chr1)","q1Label":"BedBamStats (lateTroph_chr1)","q2Label":"BedBamStats (gametocyteII_chr1)","q3Label":"BedBamStats (gametocyteV_chr1)"},"process":"BedBamStats","mem":{"mean":102041600,"min":101187584,"q1":101722112,"q2":102117376,"q3":102436864,"max":102744064,"minLabel":"BedBamStats (gametocyteV_chr1)","maxLabel":"BedBamStats (lateTroph_chr1)","q1Label":"BedBamStats (gametocyteV_chr1)","q2Label":"BedBamStats (gametocyteII_chr1)","q3Label":"BedBamStats (schizont_chr1)"},"memUsage":null,"timeUsage":null,"vmem":{"mean":775875584,"min":698417152,"q1":698417152,"q2":698417152,"q3":775875584,"max":1008250880,"minLabel":"BedBamStats (gametocyteII_chr1)","maxLabel":"BedBamStats (schizont_chr1)","q1Label":"BedBamStats (gametocyteII_chr1)","q2Label":"BedBamStats (lateTroph_chr1)","q3Label":"BedBamStats (gametocyteV_chr1)"},"reads":{"mean":217787012.25,"min":110603128,"q1":145064499.25,"q2":195522694,"q3":268245207,"max":369499533,"minLabel":"BedBamStats (gametocyteII_chr1)","maxLabel":"BedBamStats (schizont_chr1)","q1Label":"BedBamStats (gametocyteII_chr1)","q2Label":"BedBamStats (lateTroph_chr1)","q3Label":"BedBamStats (gametocyteV_chr1)"},"cpu":{"mean":30.95,"min":26,"q1":28.03,"q2":30.75,"q3":33.67,"max":36.3,"minLabel":"BedBamStats (lateTroph_chr1)","maxLabel":"BedBamStats (schizont_chr1)","q1Label":"BedBamStats (lateTroph_chr1)","q2Label":"BedBamStats (gametocyteII_chr1)","q3Label":"BedBamStats (gametocyteV_chr1)"},"time":{"mean":69358.25,"min":57496,"q1":63893.5,"q2":68774.5,"q3":74239.25,"max":82388,"minLabel":"BedBamStats (gametocyteII_chr1)","maxLabel":"BedBamStats (gametocyteV_chr1)","q1Label":"BedBamStats (gametocyteII_chr1)","q2Label":"BedBamStats (lateTroph_chr1)","q3Label":"BedBamStats (schizont_chr1)"},"writes":{"mean":127772044.75,"min":63117308,"q1":81932057.75,"q2":113979398,"q3":159819385,"max":220012075,"minLabel":"BedBamStats (gametocyteII_chr1)","maxLabel":"BedBamStats (schizont_chr1)","q1Label":"BedBamStats (gametocyteII_chr1)","q2Label":"BedBamStats (lateTroph_chr1)","q3Label":"BedBamStats (gametocyteV_chr1)"}},{"cpuUsage":{"mean":69.15,"min":56.4,"q1":63.15,"q2":68.7,"q3":74.7,"max":82.8,"minLabel":"HtseqCounting (gametocyteII_chr1)","maxLabel":"HtseqCounting (schizont_chr1)","q1Label":"HtseqCounting (gametocyteII_chr1)","q2Label":"HtseqCounting (lateTroph_chr1)","q3Label":"HtseqCounting (gametocyteV_chr1)"},"process":"HtseqCounting","mem":{"mean":85840896,"min":84942848,"q1":85449728,"q2":85962752,"q3":86353920,"max":86495232,"minLabel":"HtseqCounting (gametocyteV_chr1)","maxLabel":"HtseqCounting (gametocyteII_chr1)","q1Label":"HtseqCounting (gametocyteV_chr1)","q2Label":"HtseqCounting (lateTroph_chr1)","q3Label":"HtseqCounting (schizont_chr1)"},"memUsage":null,"timeUsage":null,"vmem":{"mean":632681472,"min":632623104,"q1":632678400,"q2":632698880,"q3":632701952,"max":632705024,"minLabel":"HtseqCounting (gametocyteII_chr1)","maxLabel":"HtseqCounting (schizont_chr1)","q1Label":"HtseqCounting (gametocyteII_chr1)","q2Label":"HtseqCounting (gametocyteV_chr1)","q3Label":"HtseqCounting (lateTroph_chr1)"},"reads":{"mean":95744926.5,"min":61768024,"q1":76005799,"q2":87203378,"q3":106942505.5,"max":146804926,"minLabel":"HtseqCounting (gametocyteII_chr1)","maxLabel":"HtseqCounting (schizont_chr1)","q1Label":"HtseqCounting (gametocyteII_chr1)","q2Label":"HtseqCounting (lateTroph_chr1)","q3Label":"HtseqCounting (gametocyteV_chr1)"},"cpu":{"mean":69.15,"min":56.4,"q1":63.15,"q2":68.7,"q3":74.7,"max":82.8,"minLabel":"HtseqCounting (gametocyteII_chr1)","maxLabel":"HtseqCounting (schizont_chr1)","q1Label":"HtseqCounting (gametocyteII_chr1)","q2Label":"HtseqCounting (lateTroph_chr1)","q3Label":"HtseqCounting (gametocyteV_chr1)"},"time":{"mean":229724,"min":167203,"q1":181976.5,"q2":216683,"q3":264430.5,"max":318327,"minLabel":"HtseqCounting (gametocyteII_chr1)","maxLabel":"HtseqCounting (schizont_chr1)","q1Label":"HtseqCounting (gametocyteII_chr1)","q2Label":"HtseqCounting (lateTroph_chr1)","q3Label":"HtseqCounting (gametocyteV_chr1)"},"writes":{"mean":368012.5,"min":367639,"q1":367831.75,"q2":367966,"q3":368146.75,"max":368479,"minLabel":"HtseqCounting (gametocyteII_chr1)","maxLabel":"HtseqCounting (schizont_chr1)","q1Label":"HtseqCounting (gametocyteII_chr1)","q2Label":"HtseqCounting (lateTroph_chr1)","q3Label":"HtseqCounting (gametocyteV_chr1)"}}]
Jan-24 14:59:01.603 [main] DEBUG nextflow.cache.CacheDB - Closing CacheDB done
Jan-24 14:59:01.612 [main] DEBUG nextflow.util.ThreadPoolManager - Thread pool 'FileTransfer' shutdown completed (hard=false)
Jan-24 14:59:01.612 [main] DEBUG nextflow.script.ScriptRunner - > Execution complete -- Goodbye
